<?xml version="1.0" encoding="UTF-8"?>
<!-- Generated by org.testng.reporters.JUnitReportReporter -->
<testsuite hostname="aclcpwin8vr01" name="org.devops.devopsnew.WebDriverTest" tests="1" failures="0" timestamp="2 Sep 2018 04:02:58 GMT" time="14.097" errors="0">
  <testcase name="testEasy" time="14.097" classname="org.devops.devopsnew.WebDriverTest"/>
</testsuite> <!-- org.devops.devopsnew.WebDriverTest -->
